[I 2024-01-14 04:23:22,547] Trial 91 finished with value: 0.6728624535315985 and parameters: {'n_clusters': 660}. Best is trial 86 with value: 0.7075588599752168.
/ghome/group07/anaconda3/envs/gpu/lib/python3.8/site-packages/sklearn/cluster/_kmeans.py:870: FutureWarning: The default value of `n_init` will change from 3 to 'auto' in 1.4. Set the value of `n_init` explicitly to suppress the warning
  warnings.warn(
[I 2024-01-14 04:28:24,772] Trial 92 finished with value: 0.6790582403965304 and parameters: {'n_clusters': 643}. Best is trial 86 with value: 0.7075588599752168.
/ghome/group07/anaconda3/envs/gpu/lib/python3.8/site-packages/sklearn/cluster/_kmeans.py:870: FutureWarning: The default value of `n_init` will change from 3 to 'auto' in 1.4. Set the value of `n_init` explicitly to suppress the warning
  warnings.warn(
[I 2024-01-14 04:30:54,746] Trial 93 finished with value: 0.6703841387856257 and parameters: {'n_clusters': 269}. Best is trial 86 with value: 0.7075588599752168.
/ghome/group07/anaconda3/envs/gpu/lib/python3.8/site-packages/sklearn/cluster/_kmeans.py:870: FutureWarning: The default value of `n_init` will change from 3 to 'auto' in 1.4. Set the value of `n_init` explicitly to suppress the warning
  warnings.warn(
[I 2024-01-14 04:36:24,498] Trial 94 finished with value: 0.6864931846344485 and parameters: {'n_clusters': 688}. Best is trial 86 with value: 0.7075588599752168.
/ghome/group07/anaconda3/envs/gpu/lib/python3.8/site-packages/sklearn/cluster/_kmeans.py:870: FutureWarning: The default value of `n_init` will change from 3 to 'auto' in 1.4. Set the value of `n_init` explicitly to suppress the warning
  warnings.warn(
[I 2024-01-14 04:41:38,375] Trial 95 finished with value: 0.6827757125154895 and parameters: {'n_clusters': 628}. Best is trial 86 with value: 0.7075588599752168.
/ghome/group07/anaconda3/envs/gpu/lib/python3.8/site-packages/sklearn/cluster/_kmeans.py:870: FutureWarning: The default value of `n_init` will change from 3 to 'auto' in 1.4. Set the value of `n_init` explicitly to suppress the warning
  warnings.warn(
[I 2024-01-14 04:44:18,842] Trial 96 finished with value: 0.667905824039653 and parameters: {'n_clusters': 310}. Best is trial 86 with value: 0.7075588599752168.
/ghome/group07/anaconda3/envs/gpu/lib/python3.8/site-packages/sklearn/cluster/_kmeans.py:870: FutureWarning: The default value of `n_init` will change from 3 to 'auto' in 1.4. Set the value of `n_init` explicitly to suppress the warning
  warnings.warn(
[I 2024-01-14 04:49:08,002] Trial 97 finished with value: 0.677819083023544 and parameters: {'n_clusters': 608}. Best is trial 86 with value: 0.7075588599752168.
/ghome/group07/anaconda3/envs/gpu/lib/python3.8/site-packages/sklearn/cluster/_kmeans.py:870: FutureWarning: The default value of `n_init` will change from 3 to 'auto' in 1.4. Set the value of `n_init` explicitly to suppress the warning
  warnings.warn(
[I 2024-01-14 04:54:46,801] Trial 98 finished with value: 0.6765799256505576 and parameters: {'n_clusters': 666}. Best is trial 86 with value: 0.7075588599752168.
/ghome/group07/anaconda3/envs/gpu/lib/python3.8/site-packages/sklearn/cluster/_kmeans.py:870: FutureWarning: The default value of `n_init` will change from 3 to 'auto' in 1.4. Set the value of `n_init` explicitly to suppress the warning
  warnings.warn(
[I 2024-01-14 05:00:20,387] Trial 99 finished with value: 0.6988847583643123 and parameters: {'n_clusters': 685}. Best is trial 86 with value: 0.7075588599752168.
