[I 2024-01-14 00:12:45,250] Trial 39 finished with value: 0.677819083023544 and parameters: {'n_clusters': 616}. Best is trial 35 with value: 0.7026022304832714.
/ghome/group07/anaconda3/envs/gpu/lib/python3.8/site-packages/sklearn/cluster/_kmeans.py:870: FutureWarning: The default value of `n_init` will change from 3 to 'auto' in 1.4. Set the value of `n_init` explicitly to suppress the warning
  warnings.warn(
[I 2024-01-14 00:17:59,668] Trial 40 finished with value: 0.6852540272614622 and parameters: {'n_clusters': 659}. Best is trial 35 with value: 0.7026022304832714.
/ghome/group07/anaconda3/envs/gpu/lib/python3.8/site-packages/sklearn/cluster/_kmeans.py:870: FutureWarning: The default value of `n_init` will change from 3 to 'auto' in 1.4. Set the value of `n_init` explicitly to suppress the warning
  warnings.warn(
[I 2024-01-14 00:22:42,873] Trial 41 finished with value: 0.677819083023544 and parameters: {'n_clusters': 583}. Best is trial 35 with value: 0.7026022304832714.
/ghome/group07/anaconda3/envs/gpu/lib/python3.8/site-packages/sklearn/cluster/_kmeans.py:870: FutureWarning: The default value of `n_init` will change from 3 to 'auto' in 1.4. Set the value of `n_init` explicitly to suppress the warning
  warnings.warn(
[I 2024-01-14 00:27:37,279] Trial 42 finished with value: 0.6877323420074349 and parameters: {'n_clusters': 611}. Best is trial 35 with value: 0.7026022304832714.
/ghome/group07/anaconda3/envs/gpu/lib/python3.8/site-packages/sklearn/cluster/_kmeans.py:870: FutureWarning: The default value of `n_init` will change from 3 to 'auto' in 1.4. Set the value of `n_init` explicitly to suppress the warning
  warnings.warn(
[I 2024-01-14 00:32:44,221] Trial 43 finished with value: 0.6790582403965304 and parameters: {'n_clusters': 659}. Best is trial 35 with value: 0.7026022304832714.
/ghome/group07/anaconda3/envs/gpu/lib/python3.8/site-packages/sklearn/cluster/_kmeans.py:870: FutureWarning: The default value of `n_init` will change from 3 to 'auto' in 1.4. Set the value of `n_init` explicitly to suppress the warning
  warnings.warn(
[I 2024-01-14 00:36:11,705] Trial 44 finished with value: 0.6939281288723668 and parameters: {'n_clusters': 456}. Best is trial 35 with value: 0.7026022304832714.
/ghome/group07/anaconda3/envs/gpu/lib/python3.8/site-packages/sklearn/cluster/_kmeans.py:870: FutureWarning: The default value of `n_init` will change from 3 to 'auto' in 1.4. Set the value of `n_init` explicitly to suppress the warning
  warnings.warn(
[I 2024-01-14 00:39:31,775] Trial 45 finished with value: 0.6864931846344485 and parameters: {'n_clusters': 447}. Best is trial 35 with value: 0.7026022304832714.
/ghome/group07/anaconda3/envs/gpu/lib/python3.8/site-packages/sklearn/cluster/_kmeans.py:870: FutureWarning: The default value of `n_init` will change from 3 to 'auto' in 1.4. Set the value of `n_init` explicitly to suppress the warning
  warnings.warn(
[I 2024-01-14 00:42:31,714] Trial 46 finished with value: 0.6728624535315985 and parameters: {'n_clusters': 407}. Best is trial 35 with value: 0.7026022304832714.
/ghome/group07/anaconda3/envs/gpu/lib/python3.8/site-packages/sklearn/cluster/_kmeans.py:870: FutureWarning: The default value of `n_init` will change from 3 to 'auto' in 1.4. Set the value of `n_init` explicitly to suppress the warning
  warnings.warn(
[I 2024-01-14 00:45:19,364] Trial 47 finished with value: 0.6753407682775713 and parameters: {'n_clusters': 313}. Best is trial 35 with value: 0.7026022304832714.
/ghome/group07/anaconda3/envs/gpu/lib/python3.8/site-packages/sklearn/cluster/_kmeans.py:870: FutureWarning: The default value of `n_init` will change from 3 to 'auto' in 1.4. Set the value of `n_init` explicitly to suppress the warning
  warnings.warn(
[I 2024-01-14 00:48:53,761] Trial 48 finished with value: 0.6691449814126395 and parameters: {'n_clusters': 471}. Best is trial 35 with value: 0.7026022304832714.
/ghome/group07/anaconda3/envs/gpu/lib/python3.8/site-packages/sklearn/cluster/_kmeans.py:870: FutureWarning: The default value of `n_init` will change from 3 to 'auto' in 1.4. Set the value of `n_init` explicitly to suppress the warning
  warnings.warn(
[I 2024-01-14 00:53:01,454] Trial 49 finished with value: 0.6592317224287485 and parameters: {'n_clusters': 531}. Best is trial 35 with value: 0.7026022304832714.
/ghome/group07/anaconda3/envs/gpu/lib/python3.8/site-packages/sklearn/cluster/_kmeans.py:870: FutureWarning: The default value of `n_init` will change from 3 to 'auto' in 1.4. Set the value of `n_init` explicitly to suppress the warning
  warnings.warn(
[I 2024-01-14 00:57:07,560] Trial 50 finished with value: 0.6728624535315985 and parameters: {'n_clusters': 514}. Best is trial 35 with value: 0.7026022304832714.
/ghome/group07/anaconda3/envs/gpu/lib/python3.8/site-packages/sklearn/cluster/_kmeans.py:870: FutureWarning: The default value of `n_init` will change from 3 to 'auto' in 1.4. Set the value of `n_init` explicitly to suppress the warning
  warnings.warn(
[I 2024-01-14 01:01:43,474] Trial 51 finished with value: 0.6703841387856257 and parameters: {'n_clusters': 565}. Best is trial 35 with value: 0.7026022304832714.
/ghome/group07/anaconda3/envs/gpu/lib/python3.8/site-packages/sklearn/cluster/_kmeans.py:870: FutureWarning: The default value of `n_init` will change from 3 to 'auto' in 1.4. Set the value of `n_init` explicitly to suppress the warning
  warnings.warn(
[I 2024-01-14 01:06:49,668] Trial 52 finished with value: 0.6877323420074349 and parameters: {'n_clusters': 633}. Best is trial 35 with value: 0.7026022304832714.
/ghome/group07/anaconda3/envs/gpu/lib/python3.8/site-packages/sklearn/cluster/_kmeans.py:870: FutureWarning: The default value of `n_init` will change from 3 to 'auto' in 1.4. Set the value of `n_init` explicitly to suppress the warning
  warnings.warn(
[I 2024-01-14 01:12:45,440] Trial 53 finished with value: 0.6852540272614622 and parameters: {'n_clusters': 670}. Best is trial 35 with value: 0.7026022304832714.
/ghome/group07/anaconda3/envs/gpu/lib/python3.8/site-packages/sklearn/cluster/_kmeans.py:870: FutureWarning: The default value of `n_init` will change from 3 to 'auto' in 1.4. Set the value of `n_init` explicitly to suppress the warning
  warnings.warn(
[I 2024-01-14 01:17:38,309] Trial 54 finished with value: 0.6864931846344485 and parameters: {'n_clusters': 602}. Best is trial 35 with value: 0.7026022304832714.
/ghome/group07/anaconda3/envs/gpu/lib/python3.8/site-packages/sklearn/cluster/_kmeans.py:870: FutureWarning: The default value of `n_init` will change from 3 to 'auto' in 1.4. Set the value of `n_init` explicitly to suppress the warning
  warnings.warn(
[I 2024-01-14 01:22:13,688] Trial 55 finished with value: 0.6666666666666666 and parameters: {'n_clusters': 555}. Best is trial 35 with value: 0.7026022304832714.
/ghome/group07/anaconda3/envs/gpu/lib/python3.8/site-packages/sklearn/cluster/_kmeans.py:870: FutureWarning: The default value of `n_init` will change from 3 to 'auto' in 1.4. Set the value of `n_init` explicitly to suppress the warning
  warnings.warn(
[I 2024-01-14 01:28:06,018] Trial 56 finished with value: 0.6765799256505576 and parameters: {'n_clusters': 676}. Best is trial 35 with value: 0.7026022304832714.
/ghome/group07/anaconda3/envs/gpu/lib/python3.8/site-packages/sklearn/cluster/_kmeans.py:870: FutureWarning: The default value of `n_init` will change from 3 to 'auto' in 1.4. Set the value of `n_init` explicitly to suppress the warning
  warnings.warn(
[I 2024-01-14 01:31:15,635] Trial 57 finished with value: 0.6827757125154895 and parameters: {'n_clusters': 426}. Best is trial 35 with value: 0.7026022304832714.
/ghome/group07/anaconda3/envs/gpu/lib/python3.8/site-packages/sklearn/cluster/_kmeans.py:870: FutureWarning: The default value of `n_init` will change from 3 to 'auto' in 1.4. Set the value of `n_init` explicitly to suppress the warning
  warnings.warn(
[I 2024-01-14 01:36:03,733] Trial 58 finished with value: 0.6765799256505576 and parameters: {'n_clusters': 587}. Best is trial 35 with value: 0.7026022304832714.
/ghome/group07/anaconda3/envs/gpu/lib/python3.8/site-packages/sklearn/cluster/_kmeans.py:870: FutureWarning: The default value of `n_init` will change from 3 to 'auto' in 1.4. Set the value of `n_init` explicitly to suppress the warning
  warnings.warn(
[I 2024-01-14 01:41:24,082] Trial 59 finished with value: 0.6815365551425031 and parameters: {'n_clusters': 633}. Best is trial 35 with value: 0.7026022304832714.
/ghome/group07/anaconda3/envs/gpu/lib/python3.8/site-packages/sklearn/cluster/_kmeans.py:870: FutureWarning: The default value of `n_init` will change from 3 to 'auto' in 1.4. Set the value of `n_init` explicitly to suppress the warning
  warnings.warn(
[I 2024-01-14 01:44:39,317] Trial 60 finished with value: 0.6914498141263941 and parameters: {'n_clusters': 375}. Best is trial 35 with value: 0.7026022304832714.
/ghome/group07/anaconda3/envs/gpu/lib/python3.8/site-packages/sklearn/cluster/_kmeans.py:870: FutureWarning: The default value of `n_init` will change from 3 to 'auto' in 1.4. Set the value of `n_init` explicitly to suppress the warning
  warnings.warn(
[I 2024-01-14 01:50:25,543] Trial 61 finished with value: 0.6815365551425031 and parameters: {'n_clusters': 699}. Best is trial 35 with value: 0.7026022304832714.
/ghome/group07/anaconda3/envs/gpu/lib/python3.8/site-packages/sklearn/cluster/_kmeans.py:870: FutureWarning: The default value of `n_init` will change from 3 to 'auto' in 1.4. Set the value of `n_init` explicitly to suppress the warning
  warnings.warn(
[I 2024-01-14 01:56:02,121] Trial 62 finished with value: 0.701363073110285 and parameters: {'n_clusters': 675}. Best is trial 35 with value: 0.7026022304832714.
/ghome/group07/anaconda3/envs/gpu/lib/python3.8/site-packages/sklearn/cluster/_kmeans.py:870: FutureWarning: The default value of `n_init` will change from 3 to 'auto' in 1.4. Set the value of `n_init` explicitly to suppress the warning
  warnings.warn(
[I 2024-01-14 02:00:57,265] Trial 63 finished with value: 0.6902106567534076 and parameters: {'n_clusters': 624}. Best is trial 35 with value: 0.7026022304832714.
/ghome/group07/anaconda3/envs/gpu/lib/python3.8/site-packages/sklearn/cluster/_kmeans.py:870: FutureWarning: The default value of `n_init` will change from 3 to 'auto' in 1.4. Set the value of `n_init` explicitly to suppress the warning
  warnings.warn(
[I 2024-01-14 02:06:25,677] Trial 64 finished with value: 0.6641883519206939 and parameters: {'n_clusters': 675}. Best is trial 35 with value: 0.7026022304832714.
/ghome/group07/anaconda3/envs/gpu/lib/python3.8/site-packages/sklearn/cluster/_kmeans.py:870: FutureWarning: The default value of `n_init` will change from 3 to 'auto' in 1.4. Set the value of `n_init` explicitly to suppress the warning
  warnings.warn(
[I 2024-01-14 02:11:13,525] Trial 65 finished with value: 0.6753407682775713 and parameters: {'n_clusters': 592}. Best is trial 35 with value: 0.7026022304832714.
/ghome/group07/anaconda3/envs/gpu/lib/python3.8/site-packages/sklearn/cluster/_kmeans.py:870: FutureWarning: The default value of `n_init` will change from 3 to 'auto' in 1.4. Set the value of `n_init` explicitly to suppress the warning
  warnings.warn(
[I 2024-01-14 02:16:24,704] Trial 66 finished with value: 0.6864931846344485 and parameters: {'n_clusters': 648}. Best is trial 35 with value: 0.7026022304832714.
/ghome/group07/anaconda3/envs/gpu/lib/python3.8/site-packages/sklearn/cluster/_kmeans.py:870: FutureWarning: The default value of `n_init` will change from 3 to 'auto' in 1.4. Set the value of `n_init` explicitly to suppress the warning
  warnings.warn(
[I 2024-01-14 02:20:20,964] Trial 67 finished with value: 0.6815365551425031 and parameters: {'n_clusters': 510}. Best is trial 35 with value: 0.7026022304832714.
/ghome/group07/anaconda3/envs/gpu/lib/python3.8/site-packages/sklearn/cluster/_kmeans.py:870: FutureWarning: The default value of `n_init` will change from 3 to 'auto' in 1.4. Set the value of `n_init` explicitly to suppress the warning
  warnings.warn(
[I 2024-01-14 02:25:53,092] Trial 68 finished with value: 0.6964064436183395 and parameters: {'n_clusters': 677}. Best is trial 35 with value: 0.7026022304832714.
/ghome/group07/anaconda3/envs/gpu/lib/python3.8/site-packages/sklearn/cluster/_kmeans.py:870: FutureWarning: The default value of `n_init` will change from 3 to 'auto' in 1.4. Set the value of `n_init` explicitly to suppress the warning
  warnings.warn(
[I 2024-01-14 02:31:37,367] Trial 69 finished with value: 0.6976456009913259 and parameters: {'n_clusters': 675}. Best is trial 35 with value: 0.7026022304832714.
/ghome/group07/anaconda3/envs/gpu/lib/python3.8/site-packages/sklearn/cluster/_kmeans.py:870: FutureWarning: The default value of `n_init` will change from 3 to 'auto' in 1.4. Set the value of `n_init` explicitly to suppress the warning
  warnings.warn(
[I 2024-01-14 02:33:00,097] Trial 70 finished with value: 0.6517967781908303 and parameters: {'n_clusters': 131}. Best is trial 35 with value: 0.7026022304832714.
/ghome/group07/anaconda3/envs/gpu/lib/python3.8/site-packages/sklearn/cluster/_kmeans.py:870: FutureWarning: The default value of `n_init` will change from 3 to 'auto' in 1.4. Set the value of `n_init` explicitly to suppress the warning
  warnings.warn(
[I 2024-01-14 02:38:37,377] Trial 71 finished with value: 0.6741016109045849 and parameters: {'n_clusters': 679}. Best is trial 35 with value: 0.7026022304832714.
/ghome/group07/anaconda3/envs/gpu/lib/python3.8/site-packages/sklearn/cluster/_kmeans.py:870: FutureWarning: The default value of `n_init` will change from 3 to 'auto' in 1.4. Set the value of `n_init` explicitly to suppress the warning
  warnings.warn(
[I 2024-01-14 02:43:55,643] Trial 72 finished with value: 0.6926889714993805 and parameters: {'n_clusters': 654}. Best is trial 35 with value: 0.7026022304832714.
/ghome/group07/anaconda3/envs/gpu/lib/python3.8/site-packages/sklearn/cluster/_kmeans.py:870: FutureWarning: The default value of `n_init` will change from 3 to 'auto' in 1.4. Set the value of `n_init` explicitly to suppress the warning
  warnings.warn(
[I 2024-01-14 02:49:35,520] Trial 73 finished with value: 0.6914498141263941 and parameters: {'n_clusters': 699}. Best is trial 35 with value: 0.7026022304832714.
/ghome/group07/anaconda3/envs/gpu/lib/python3.8/site-packages/sklearn/cluster/_kmeans.py:870: FutureWarning: The default value of `n_init` will change from 3 to 'auto' in 1.4. Set the value of `n_init` explicitly to suppress the warning
  warnings.warn(
[I 2024-01-14 02:55:20,534] Trial 74 finished with value: 0.6802973977695167 and parameters: {'n_clusters': 676}. Best is trial 35 with value: 0.7026022304832714.
/ghome/group07/anaconda3/envs/gpu/lib/python3.8/site-packages/sklearn/cluster/_kmeans.py:870: FutureWarning: The default value of `n_init` will change from 3 to 'auto' in 1.4. Set the value of `n_init` explicitly to suppress the warning
  warnings.warn(
[I 2024-01-14 03:00:34,750] Trial 75 finished with value: 0.6889714993804213 and parameters: {'n_clusters': 634}. Best is trial 35 with value: 0.7026022304832714.
/ghome/group07/anaconda3/envs/gpu/lib/python3.8/site-packages/sklearn/cluster/_kmeans.py:870: FutureWarning: The default value of `n_init` will change from 3 to 'auto' in 1.4. Set the value of `n_init` explicitly to suppress the warning
  warnings.warn(
[I 2024-01-14 03:05:33,640] Trial 76 finished with value: 0.677819083023544 and parameters: {'n_clusters': 620}. Best is trial 35 with value: 0.7026022304832714.
/ghome/group07/anaconda3/envs/gpu/lib/python3.8/site-packages/sklearn/cluster/_kmeans.py:870: FutureWarning: The default value of `n_init` will change from 3 to 'auto' in 1.4. Set the value of `n_init` explicitly to suppress the warning
  warnings.warn(
[I 2024-01-14 03:11:00,385] Trial 77 finished with value: 0.6951672862453532 and parameters: {'n_clusters': 649}. Best is trial 35 with value: 0.7026022304832714.
/ghome/group07/anaconda3/envs/gpu/lib/python3.8/site-packages/sklearn/cluster/_kmeans.py:870: FutureWarning: The default value of `n_init` will change from 3 to 'auto' in 1.4. Set the value of `n_init` explicitly to suppress the warning
  warnings.warn(
[I 2024-01-14 03:16:07,252] Trial 78 finished with value: 0.6939281288723668 and parameters: {'n_clusters': 648}. Best is trial 35 with value: 0.7026022304832714.
/ghome/group07/anaconda3/envs/gpu/lib/python3.8/site-packages/sklearn/cluster/_kmeans.py:870: FutureWarning: The default value of `n_init` will change from 3 to 'auto' in 1.4. Set the value of `n_init` explicitly to suppress the warning
  warnings.warn(
[I 2024-01-14 03:21:41,782] Trial 79 finished with value: 0.6790582403965304 and parameters: {'n_clusters': 679}. Best is trial 35 with value: 0.7026022304832714.
/ghome/group07/anaconda3/envs/gpu/lib/python3.8/site-packages/sklearn/cluster/_kmeans.py:870: FutureWarning: The default value of `n_init` will change from 3 to 'auto' in 1.4. Set the value of `n_init` explicitly to suppress the warning
  warnings.warn(
[I 2024-01-14 03:26:49,137] Trial 80 finished with value: 0.6753407682775713 and parameters: {'n_clusters': 605}. Best is trial 35 with value: 0.7026022304832714.
/ghome/group07/anaconda3/envs/gpu/lib/python3.8/site-packages/sklearn/cluster/_kmeans.py:870: FutureWarning: The default value of `n_init` will change from 3 to 'auto' in 1.4. Set the value of `n_init` explicitly to suppress the warning
  warnings.warn(
[I 2024-01-14 03:32:15,577] Trial 81 finished with value: 0.6790582403965304 and parameters: {'n_clusters': 660}. Best is trial 35 with value: 0.7026022304832714.
/ghome/group07/anaconda3/envs/gpu/lib/python3.8/site-packages/sklearn/cluster/_kmeans.py:870: FutureWarning: The default value of `n_init` will change from 3 to 'auto' in 1.4. Set the value of `n_init` explicitly to suppress the warning
  warnings.warn(
[I 2024-01-14 03:37:18,321] Trial 82 finished with value: 0.6802973977695167 and parameters: {'n_clusters': 641}. Best is trial 35 with value: 0.7026022304832714.
/ghome/group07/anaconda3/envs/gpu/lib/python3.8/site-packages/sklearn/cluster/_kmeans.py:870: FutureWarning: The default value of `n_init` will change from 3 to 'auto' in 1.4. Set the value of `n_init` explicitly to suppress the warning
  warnings.warn(
[I 2024-01-14 03:42:49,211] Trial 83 finished with value: 0.6555142503097894 and parameters: {'n_clusters': 683}. Best is trial 35 with value: 0.7026022304832714.
/ghome/group07/anaconda3/envs/gpu/lib/python3.8/site-packages/sklearn/cluster/_kmeans.py:870: FutureWarning: The default value of `n_init` will change from 3 to 'auto' in 1.4. Set the value of `n_init` explicitly to suppress the warning
  warnings.warn(
[I 2024-01-14 03:48:11,972] Trial 84 finished with value: 0.677819083023544 and parameters: {'n_clusters': 666}. Best is trial 35 with value: 0.7026022304832714.
/ghome/group07/anaconda3/envs/gpu/lib/python3.8/site-packages/sklearn/cluster/_kmeans.py:870: FutureWarning: The default value of `n_init` will change from 3 to 'auto' in 1.4. Set the value of `n_init` explicitly to suppress the warning
  warnings.warn(
[I 2024-01-14 03:54:11,464] Trial 85 finished with value: 0.677819083023544 and parameters: {'n_clusters': 699}. Best is trial 35 with value: 0.7026022304832714.
/ghome/group07/anaconda3/envs/gpu/lib/python3.8/site-packages/sklearn/cluster/_kmeans.py:870: FutureWarning: The default value of `n_init` will change from 3 to 'auto' in 1.4. Set the value of `n_init` explicitly to suppress the warning
  warnings.warn(
[I 2024-01-14 03:59:11,979] Trial 86 finished with value: 0.7075588599752168 and parameters: {'n_clusters': 621}. Best is trial 86 with value: 0.7075588599752168.
/ghome/group07/anaconda3/envs/gpu/lib/python3.8/site-packages/sklearn/cluster/_kmeans.py:870: FutureWarning: The default value of `n_init` will change from 3 to 'auto' in 1.4. Set the value of `n_init` explicitly to suppress the warning
  warnings.warn(
[I 2024-01-14 04:04:10,445] Trial 87 finished with value: 0.6827757125154895 and parameters: {'n_clusters': 620}. Best is trial 86 with value: 0.7075588599752168.
/ghome/group07/anaconda3/envs/gpu/lib/python3.8/site-packages/sklearn/cluster/_kmeans.py:870: FutureWarning: The default value of `n_init` will change from 3 to 'auto' in 1.4. Set the value of `n_init` explicitly to suppress the warning
  warnings.warn(
[I 2024-01-14 04:08:30,903] Trial 88 finished with value: 0.6741016109045849 and parameters: {'n_clusters': 547}. Best is trial 86 with value: 0.7075588599752168.
/ghome/group07/anaconda3/envs/gpu/lib/python3.8/site-packages/sklearn/cluster/_kmeans.py:870: FutureWarning: The default value of `n_init` will change from 3 to 'auto' in 1.4. Set the value of `n_init` explicitly to suppress the warning
  warnings.warn(
[I 2024-01-14 04:13:05,598] Trial 89 finished with value: 0.6654275092936803 and parameters: {'n_clusters': 575}. Best is trial 86 with value: 0.7075588599752168.
/ghome/group07/anaconda3/envs/gpu/lib/python3.8/site-packages/sklearn/cluster/_kmeans.py:870: FutureWarning: The default value of `n_init` will change from 3 to 'auto' in 1.4. Set the value of `n_init` explicitly to suppress the warning
  warnings.warn(
[I 2024-01-14 04:17:50,893] Trial 90 finished with value: 0.6728624535315985 and parameters: {'n_clusters': 600}. Best is trial 86 with value: 0.7075588599752168.
/ghome/group07/anaconda3/envs/gpu/lib/python3.8/site-packages/sklearn/cluster/_kmeans.py:870: FutureWarning: The default value of `n_init` will change from 3 to 'auto' in 1.4. Set the value of `n_init` explicitly to suppress the warning
  warnings.warn(
